Arguments: 
  /usr/local/bin/node /usr/local/Cellar/yarn/1.22.19/libexec/bin/yarn.js add rollup-plugin-babel rollup-plugin-serve rollup-plugin-livereload -S-D

PATH: 
  /Users/guanhuawang/Documents/env/apache-maven-3.8.5/bin:/Library/Frameworks/Python.framework/Versions/3.7/bin:/usr/local/bin:/usr/local/bin:/usr/bin:/bin:/usr/sbin:/sbin:/Users/guanhuawang/Documents/env/apache-maven-3.8.5/bin:/Library/Frameworks/Python.framework/Versions/3.7/bin

Yarn version: 
  1.22.19

Node version: 
  14.19.1

Platform: 
  darwin x64

Trace: 
  Error: https://registry.yarnpkg.com/-D: Not found
      at Request.params.callback [as _callback] (/usr/local/Cellar/yarn/1.22.19/libexec/lib/cli.js:66145:18)
      at Request.self.callback (/usr/local/Cellar/yarn/1.22.19/libexec/lib/cli.js:140890:22)
      at Request.emit (events.js:400:28)
      at Request.<anonymous> (/usr/local/Cellar/yarn/1.22.19/libexec/lib/cli.js:141862:10)
      at Request.emit (events.js:400:28)
      at IncomingMessage.<anonymous> (/usr/local/Cellar/yarn/1.22.19/libexec/lib/cli.js:141784:12)
      at Object.onceWrapper (events.js:519:28)
      at IncomingMessage.emit (events.js:412:35)
      at endReadableNT (internal/streams/readable.js:1334:12)
      at processTicksAndRejections (internal/process/task_queues.js:82:21)

npm manifest: 
  {
    "name": "optm",
    "version": "1.0.0",
    "description": "",
    "main": "rollup.config.js",
    "scripts": {
      "start": "rollup -w -c"
    },
    "keywords": [],
    "author": "",
    "license": "ISC",
    "dependencies": {
      "rollup": "^2.75.4"
    }
  }

yarn manifest: 
  No manifest

Lockfile: 
  # THIS IS AN AUTOGENERATED FILE. DO NOT EDIT THIS FILE DIRECTLY.
  # yarn lockfile v1
  
  
  fsevents@~2.3.2:
    version "2.3.2"
    resolved "https://registry.yarnpkg.com/fsevents/-/fsevents-2.3.2.tgz#8a526f78b8fdf4623b709e0b975c52c24c02fd1a"
    integrity sha512-xiqMQR4xAeHTuB9uWm+fFRcIOgKBMiOBP+eXiyT7jsgVCq1bkVygt00oASowB7EdtpOHaaPgKt812P9ab+DDKA==
  
  rollup@^2.75.4:
    version "2.75.4"
    resolved "https://registry.yarnpkg.com/rollup/-/rollup-2.75.4.tgz#c3518c326c98e508b628a93015a03a276c331f22"
    integrity sha512-JgZiJMJkKImMZJ8ZY1zU80Z2bA/TvrL/7D9qcBCrfl2bP+HUaIw0QHUroB4E3gBpFl6CRFM1YxGbuYGtdAswbQ==
    optionalDependencies:
      fsevents "~2.3.2"
